Using pre-set license
Built from '2022.3/staging' branch; Version is '2022.3.11f1 (d00248457e15) revision 13632072'; Using compiler version '192829333'; Build Type 'Release'
OS: 'Windows 10  (10.0.19045) 64bit Core' Language: 'en' Physical Memory: 16215 MB
BatchMode: 1, IsHumanControllingUs: 0, StartBugReporterOnCrash: 0, Is64bit: 1, IsPro: 1

COMMAND LINE ARGUMENTS:
C:\Program Files\Unity\Hub\Editor\2022.3.11f1\Editor\Unity.exe
-adb2
-batchMode
-noUpm
-name
AssetImportWorker4
-projectPath
C:/Users/markt/Unity Games/ART 405 Professional Project
-logFile
Logs/AssetImportWorker4.log
-srvPort
64151
Successfully changed project path to: C:/Users/markt/Unity Games/ART 405 Professional Project
C:/Users/markt/Unity Games/ART 405 Professional Project
[UnityMemory] Configuration Parameters - Can be set up in boot.config
    "memorysetup-bucket-allocator-granularity=16"
    "memorysetup-bucket-allocator-bucket-count=8"
    "memorysetup-bucket-allocator-block-size=33554432"
    "memorysetup-bucket-allocator-block-count=8"
    "memorysetup-main-allocator-block-size=16777216"
    "memorysetup-thread-allocator-block-size=16777216"
    "memorysetup-gfx-main-allocator-block-size=16777216"
    "memorysetup-gfx-thread-allocator-block-size=16777216"
    "memorysetup-cache-allocator-block-size=4194304"
    "memorysetup-typetree-allocator-block-size=2097152"
    "memorysetup-profiler-bucket-allocator-granularity=16"
    "memorysetup-profiler-bucket-allocator-bucket-count=8"
    "memorysetup-profiler-bucket-allocator-block-size=33554432"
    "memorysetup-profiler-bucket-allocator-block-count=8"
    "memorysetup-profiler-allocator-block-size=16777216"
    "memorysetup-profiler-editor-allocator-block-size=1048576"
    "memorysetup-temp-allocator-size-main=16777216"
    "memorysetup-job-temp-allocator-block-size=2097152"
    "memorysetup-job-temp-allocator-block-size-background=1048576"
    "memorysetup-job-temp-allocator-reduction-small-platforms=262144"
    "memorysetup-allocator-temp-initial-block-size-main=262144"
    "memorysetup-allocator-temp-initial-block-size-worker=262144"
    "memorysetup-temp-allocator-size-background-worker=32768"
    "memorysetup-temp-allocator-size-job-worker=262144"
    "memorysetup-temp-allocator-size-preload-manager=33554432"
    "memorysetup-temp-allocator-size-nav-mesh-worker=65536"
    "memorysetup-temp-allocator-size-audio-worker=65536"
    "memorysetup-temp-allocator-size-cloud-worker=32768"
    "memorysetup-temp-allocator-size-gi-baking-worker=262144"
    "memorysetup-temp-allocator-size-gfx=262144"
Player connection [7348] Host "[IP] 192.168.0.14 [Port] 0 [Flags] 2 [Guid] 195279435 [EditorId] 195279435 [Version] 1048832 [Id] WindowsEditor(7,MarkHanley-Laptop) [Debug] 1 [PackageName] WindowsEditor [ProjectName] Editor" joined multi-casting on [225.0.0.222:54997]...

Player connection [7348] Host "[IP] 192.168.0.14 [Port] 0 [Flags] 2 [Guid] 195279435 [EditorId] 195279435 [Version] 1048832 [Id] WindowsEditor(7,MarkHanley-Laptop) [Debug] 1 [PackageName] WindowsEditor [ProjectName] Editor" joined alternative multi-casting on [225.0.0.222:34997]...

[Physics::Module] Initialized MultithreadedJobDispatcher with 11 workers.
Refreshing native plugins compatible for Editor in 11.39 ms, found 2 plugins.
Preloading 0 native plugins for Editor in 0.00 ms.
Initialize engine version: 2022.3.11f1 (d00248457e15)
[Subsystems] Discovering subsystems at path C:/Program Files/Unity/Hub/Editor/2022.3.11f1/Editor/Data/Resources/UnitySubsystems
[Subsystems] Discovering subsystems at path C:/Users/markt/Unity Games/ART 405 Professional Project/Assets
GfxDevice: creating device client; threaded=0; jobified=0
Direct3D:
    Version:  Direct3D 11.0 [level 11.1]
    Renderer: NVIDIA GeForce RTX 2070 with Max-Q Design (ID=0x1f14)
    Vendor:   NVIDIA
    VRAM:     8006 MB
    Driver:   32.0.15.6636
Initialize mono
Mono path[0] = 'C:/Program Files/Unity/Hub/Editor/2022.3.11f1/Editor/Data/Managed'
Mono path[1] = 'C:/Program Files/Unity/Hub/Editor/2022.3.11f1/Editor/Data/MonoBleedingEdge/lib/mono/unityjit-win32'
Mono config path = 'C:/Program Files/Unity/Hub/Editor/2022.3.11f1/Editor/Data/MonoBleedingEdge/etc'
Using monoOptions --debugger-agent=transport=dt_socket,embedding=1,server=y,suspend=n,address=127.0.0.1:56072
Begin MonoManager ReloadAssembly
Registering precompiled unity dll's ...
Register platform support module: C:/Program Files/Unity/Hub/Editor/2022.3.11f1/Editor/Data/PlaybackEngines/WindowsStandaloneSupport/UnityEditor.WindowsStandalone.Extensions.dll
Registered in 0.012874 seconds.
- Loaded All Assemblies, in  0.388 seconds
Native extension for WindowsStandalone target not found
Mono: successfully reloaded assembly
- Finished resetting the current domain, in  0.245 seconds
Domain Reload Profiling: 630ms
	BeginReloadAssembly (109ms)
		ExecutionOrderSort (0ms)
		DisableScriptedObjects (0ms)
		BackupInstance (0ms)
		ReleaseScriptingObjects (0ms)
		CreateAndSetChildDomain (1ms)
	RebuildCommonClasses (34ms)
	RebuildNativeTypeToScriptingClass (11ms)
	initialDomainReloadingComplete (73ms)
	LoadAllAssembliesAndSetupDomain (157ms)
		LoadAssemblies (106ms)
		RebuildTransferFunctionScriptingTraits (0ms)
		AnalyzeDomain (155ms)
			TypeCache.Refresh (153ms)
				TypeCache.ScanAssembly (138ms)
			ScanForSourceGeneratedMonoScriptInfo (0ms)
			ResolveRequiredComponents (0ms)
	FinalizeReload (245ms)
		ReleaseScriptCaches (0ms)
		RebuildScriptCaches (0ms)
		SetupLoadedEditorAssemblies (186ms)
			LogAssemblyErrors (0ms)
			InitializePlatformSupportModulesInManaged (10ms)
			SetLoadedEditorAssemblies (6ms)
			RefreshPlugins (0ms)
			BeforeProcessingInitializeOnLoad (2ms)
			ProcessInitializeOnLoadAttributes (122ms)
			ProcessInitializeOnLoadMethodAttributes (45ms)
			AfterProcessingInitializeOnLoad (0ms)
			EditorAssembliesLoaded (0ms)
		ExecutionOrderSort2 (0ms)
		AwakeInstancesAfterBackupRestoration (0ms)
========================================================================
Worker process is ready to serve import requests
Begin MonoManager ReloadAssembly
- Loaded All Assemblies, in  0.591 seconds
Refreshing native plugins compatible for Editor in 4.17 ms, found 2 plugins.
Native extension for WindowsStandalone target not found
[MODES] ModeService[none].Initialize
[MODES] ModeService[none].LoadModes
[MODES] Loading mode Default (0) for mode-current-id-ART 405 Professional Project
Mono: successfully reloaded assembly
- Finished resetting the current domain, in  0.611 seconds
Domain Reload Profiling: 1196ms
	BeginReloadAssembly (144ms)
		ExecutionOrderSort (0ms)
		DisableScriptedObjects (5ms)
		BackupInstance (0ms)
		ReleaseScriptingObjects (0ms)
		CreateAndSetChildDomain (17ms)
	RebuildCommonClasses (34ms)
	RebuildNativeTypeToScriptingClass (12ms)
	initialDomainReloadingComplete (45ms)
	LoadAllAssembliesAndSetupDomain (350ms)
		LoadAssemblies (286ms)
		RebuildTransferFunctionScriptingTraits (0ms)
		AnalyzeDomain (154ms)
			TypeCache.Refresh (119ms)
				TypeCache.ScanAssembly (107ms)
			ScanForSourceGeneratedMonoScriptInfo (23ms)
			ResolveRequiredComponents (10ms)
	FinalizeReload (612ms)
		ReleaseScriptCaches (0ms)
		RebuildScriptCaches (0ms)
		SetupLoadedEditorAssemblies (466ms)
			LogAssemblyErrors (0ms)
			InitializePlatformSupportModulesInManaged (8ms)
			SetLoadedEditorAssemblies (3ms)
			RefreshPlugins (0ms)
			BeforeProcessingInitializeOnLoad (91ms)
			ProcessInitializeOnLoadAttributes (293ms)
			ProcessInitializeOnLoadMethodAttributes (62ms)
			AfterProcessingInitializeOnLoad (10ms)
			EditorAssembliesLoaded (0ms)
		ExecutionOrderSort2 (0ms)
		AwakeInstancesAfterBackupRestoration (5ms)
Switching render pipeline 7b7fd9122c28c4d15b667c7040e3b3fd -> e1260c1148f6143b28bae5ace5e9c5d1
Launched and connected shader compiler UnityShaderCompiler.exe after 0.03 seconds
Refreshing native plugins compatible for Editor in 4.19 ms, found 2 plugins.
Preloading 0 native plugins for Editor in 0.00 ms.
Unloading 5870 Unused Serialized files (Serialized files now loaded: 0)
Unloading 99 unused Assets / (2.9 MB). Loaded Objects now: 6362.
Memory consumption went from 289.6 MB to 286.7 MB.
Total: 4.071400 ms (FindLiveObjects: 0.409600 ms CreateObjectMapping: 0.421500 ms MarkObjects: 2.661800 ms  DeleteObjects: 0.577800 ms)

AssetImportParameters requested are different than current active one (requested -> active):
  custom:container-demuxer-ogg: 62fdf1f143b41e24485cea50d1cbac27 -> 
  custom:scripting/monoscript/fileName/EditorVersionCompatibilityUtility.cs: d92725588009cde5094ce1268d79e509 -> 
  custom:scripting/monoscript/fileName/AssetResourcesFile.cs: e95a0a95324fb9fd9e1a5d398d8f43b3 -> 
  custom:srp/default-pipeline: 1e62c011846f41b382ab5eca5e9e5c1d -> b7f79d21c2824c1db566c707043e3bdf
  custom:video-decoder-ogg-theora: a1e56fd34408186e4bbccfd4996cb3dc -> 
  custom:framework-win-MediaFoundation: 216162199b28c13a410421893ffa2e32 -> 
  custom:CustomObjectIndexerAttribute: d54d2f2da18e7612c182cf67624b6b12 -> 
  custom:container-demuxer-webm: 4f35f7cbe854078d1ac9338744f61a02 -> 
  custom:scripting/monoscript/fileName/VersionCompatibilityUtility.cs: af0467e99c21be887b10c888e16b5fe3 -> 
  custom:container-muxer-webm: aa71ff27fc2769a1b78a27578f13a17b -> 
  custom:video-decoder-webm-vp8: 9c59270c3fd7afecdb556c50c9e8de78 -> 
  custom:scripting/monoscript/fileName/AnimationCurveUtilityRecent.cs: 0bb6a3471d898ec81f14295d71f5813e -> 
  custom:SearchIndexIgnoredProperties: e643bd26f0fe6173181afceb89e7c659 -> 
  custom:AudioImporter_EditorPlatform: d09bf68614088b80899f8185d706f6e7 -> 
  custom:scripting/monoscript/fileName/ResetPosition.cs: d7d0344f7593f68c6f9b957fbae76887 -> 
  custom:video-encoder-webm-vp8: eb34c28f22e8b96e1ab97ce403110664 -> 
  custom:scripting/monoscript/fileName/GUICompatibilityUtility.cs: 583a1452c9ba1a513b2f20cf3fafff42 -> 
  custom:audio-decoder-ogg-vorbis: bf7c407c2cedff20999df2af8eb42d56 -> 
  custom:audio-encoder-webm-vorbis: bf7c407c2cedff20999df2af8eb42d56 -> 
========================================================================
Received Import Request.
  Time since last request: 108400.658162 seconds.
  path: Assets/Materials-Textures/Materials/Large Rock 1.mat
  artifactKey: Guid(b6306c259b6f870469f9db775b800f81) Importer(815301076,1909f56bfc062723c751e8b465ee728b)
Start importing Assets/Materials-Textures/Materials/Large Rock 1.mat using Guid(b6306c259b6f870469f9db775b800f81) Importer(815301076,1909f56bfc062723c751e8b465ee728b)  -> (artifact id: 'a31156d40a22edb4d400f6dd40bd312d') in 0.306280 seconds
Number of updated asset objects reloaded before import = 0
Number of asset objects unloaded after import = 6
========================================================================
Received Import Request.
  Time since last request: 0.492135 seconds.
  path: Assets/FBX's/Models/Simple_03.fbx
  artifactKey: Guid(6972f4bfc5301414ba01b6e8606ff09d) Importer(815301076,1909f56bfc062723c751e8b465ee728b)
Start importing Assets/FBX's/Models/Simple_03.fbx using Guid(6972f4bfc5301414ba01b6e8606ff09d) Importer(815301076,1909f56bfc062723c751e8b465ee728b)  -> (artifact id: '8c357e406ba2b182eaf72b0bb9b5a420') in 0.132923 seconds
Number of updated asset objects reloaded before import = 0
Number of asset objects unloaded after import = 29
========================================================================
Received Import Request.
  Time since last request: 0.160328 seconds.
  path: Assets/Materials-Textures/Materials/Grass Floor 3.mat
  artifactKey: Guid(d962ce535805c5a4cb27ee3888bb17af) Importer(815301076,1909f56bfc062723c751e8b465ee728b)
Start importing Assets/Materials-Textures/Materials/Grass Floor 3.mat using Guid(d962ce535805c5a4cb27ee3888bb17af) Importer(815301076,1909f56bfc062723c751e8b465ee728b)  -> (artifact id: '5416ca844db9935fea798d8f113be528') in 0.065768 seconds
Number of updated asset objects reloaded before import = 0
Number of asset objects unloaded after import = 7
========================================================================
Received Import Request.
  Time since last request: 0.000020 seconds.
  path: Assets/Materials-Textures/Materials/Key Simple 02.mat
  artifactKey: Guid(aae4d65e21c34b146bfdfed4c579ad10) Importer(815301076,1909f56bfc062723c751e8b465ee728b)
Start importing Assets/Materials-Textures/Materials/Key Simple 02.mat using Guid(aae4d65e21c34b146bfdfed4c579ad10) Importer(815301076,1909f56bfc062723c751e8b465ee728b)  -> (artifact id: '492a7532aebd050fc27f59cc89ea5549') in 0.025915 seconds
Number of updated asset objects reloaded before import = 0
Number of asset objects unloaded after import = 7
========================================================================
Received Import Request.
  Time since last request: 0.000066 seconds.
  path: Assets/Materials-Textures/Materials/Int_Apt_03.mat
  artifactKey: Guid(8d06d0f3581549d4fb32fda8991db882) Importer(815301076,1909f56bfc062723c751e8b465ee728b)
Start importing Assets/Materials-Textures/Materials/Int_Apt_03.mat using Guid(8d06d0f3581549d4fb32fda8991db882) Importer(815301076,1909f56bfc062723c751e8b465ee728b)  -> (artifact id: 'f4dda13d24ae8a0a022dce8dd8ae86a6') in 0.027693 seconds
Number of updated asset objects reloaded before import = 0
Number of asset objects unloaded after import = 5
========================================================================
Received Import Request.
  Time since last request: 0.000017 seconds.
  path: Assets/Materials-Textures/Materials/Int_BS_01.mat
  artifactKey: Guid(f03383d98b6709647991c50d409cf0af) Importer(815301076,1909f56bfc062723c751e8b465ee728b)
Start importing Assets/Materials-Textures/Materials/Int_BS_01.mat using Guid(f03383d98b6709647991c50d409cf0af) Importer(815301076,1909f56bfc062723c751e8b465ee728b)  -> (artifact id: 'f035edffa4cfad50572df200c7e1b6c8') in 0.038402 seconds
Number of updated asset objects reloaded before import = 0
Number of asset objects unloaded after import = 3
========================================================================
Received Import Request.
  Time since last request: 0.000016 seconds.
  path: Assets/Materials-Textures/Materials/Key Simple 03.mat
  artifactKey: Guid(75af03ec127bc7d4fa1362ba074caa94) Importer(815301076,1909f56bfc062723c751e8b465ee728b)
Start importing Assets/Materials-Textures/Materials/Key Simple 03.mat using Guid(75af03ec127bc7d4fa1362ba074caa94) Importer(815301076,1909f56bfc062723c751e8b465ee728b)  -> (artifact id: '0e0d996418bed21bb81449bfc30cb328') in 0.062741 seconds
Number of updated asset objects reloaded before import = 0
Number of asset objects unloaded after import = 7
========================================================================
Received Import Request.
  Time since last request: 0.000017 seconds.
  path: Assets/Materials-Textures/Materials/Int_Apt_01.mat
  artifactKey: Guid(e5edd18648b6fe340941b7f67c9a2996) Importer(815301076,1909f56bfc062723c751e8b465ee728b)
Start importing Assets/Materials-Textures/Materials/Int_Apt_01.mat using Guid(e5edd18648b6fe340941b7f67c9a2996) Importer(815301076,1909f56bfc062723c751e8b465ee728b)  -> (artifact id: 'd8b2b62dfcd439a930cb9cbd9f2e1f09') in 0.032532 seconds
Number of updated asset objects reloaded before import = 0
Number of asset objects unloaded after import = 5
========================================================================
Received Import Request.
  Time since last request: 0.000020 seconds.
  path: Assets/Materials-Textures/Materials/Key Simple 03 Tag.mat
  artifactKey: Guid(2de1ba174d229224da502eff4e5cfc1c) Importer(815301076,1909f56bfc062723c751e8b465ee728b)
Start importing Assets/Materials-Textures/Materials/Key Simple 03 Tag.mat using Guid(2de1ba174d229224da502eff4e5cfc1c) Importer(815301076,1909f56bfc062723c751e8b465ee728b)  -> (artifact id: '5a22ca282bab7f8776e13441b4489aa0') in 0.061747 seconds
Number of updated asset objects reloaded before import = 0
Number of asset objects unloaded after import = 7
========================================================================
Received Import Request.
  Time since last request: 0.000024 seconds.
  path: Assets/Materials-Textures/Materials/iron_barrier_material.mat
  artifactKey: Guid(98b3799eee47095478d3f0df849f63b2) Importer(815301076,1909f56bfc062723c751e8b465ee728b)
Start importing Assets/Materials-Textures/Materials/iron_barrier_material.mat using Guid(98b3799eee47095478d3f0df849f63b2) Importer(815301076,1909f56bfc062723c751e8b465ee728b)  -> (artifact id: '9745bc743cf43fb04d7d076725f245b8') in 0.032040 seconds
Number of updated asset objects reloaded before import = 0
Number of asset objects unloaded after import = 5
========================================================================
Received Import Request.
  Time since last request: 0.000016 seconds.
  path: Assets/Materials-Textures/Materials/Int_RR_01.mat
  artifactKey: Guid(b61458ebb19004843af57f63626d7f2a) Importer(815301076,1909f56bfc062723c751e8b465ee728b)
Start importing Assets/Materials-Textures/Materials/Int_RR_01.mat using Guid(b61458ebb19004843af57f63626d7f2a) Importer(815301076,1909f56bfc062723c751e8b465ee728b)  -> (artifact id: 'a7cb0ef9e1bcead66685ec6b36ba3a06') in 0.019265 seconds
Number of updated asset objects reloaded before import = 0
Number of asset objects unloaded after import = 4
========================================================================
Received Import Request.
  Time since last request: 0.000044 seconds.
  path: Assets/Materials-Textures/Materials/keyboard_01.mat
  artifactKey: Guid(82dc13826f8c00040b92c94337944a2f) Importer(815301076,1909f56bfc062723c751e8b465ee728b)
Start importing Assets/Materials-Textures/Materials/keyboard_01.mat using Guid(82dc13826f8c00040b92c94337944a2f) Importer(815301076,1909f56bfc062723c751e8b465ee728b)  -> (artifact id: '79b5c9c721cb48305e6e833353335fc0') in 0.028967 seconds
Number of updated asset objects reloaded before import = 0
Number of asset objects unloaded after import = 4
========================================================================
Received Import Request.
  Time since last request: 0.433496 seconds.
  path: Assets/FBX's/Models/Foliage 3.FBX
  artifactKey: Guid(88aa96a7b6d9c914fa4929b0c32c44cc) Importer(815301076,1909f56bfc062723c751e8b465ee728b)
Start importing Assets/FBX's/Models/Foliage 3.FBX using Guid(88aa96a7b6d9c914fa4929b0c32c44cc) Importer(815301076,1909f56bfc062723c751e8b465ee728b)  -> (artifact id: '043f0d29d8640bea2af4b1e4a7cafdec') in 0.045043 seconds
Number of updated asset objects reloaded before import = 0
Number of asset objects unloaded after import = 13
========================================================================
Received Import Request.
  Time since last request: 0.000018 seconds.
  path: Assets/Materials-Textures/Materials/floor_materia.mat
  artifactKey: Guid(bb25d86e1b51a3e46aec21cd4158ced9) Importer(815301076,1909f56bfc062723c751e8b465ee728b)
Start importing Assets/Materials-Textures/Materials/floor_materia.mat using Guid(bb25d86e1b51a3e46aec21cd4158ced9) Importer(815301076,1909f56bfc062723c751e8b465ee728b)  -> (artifact id: '14572acc4b0d56bf69393ff84e611f91') in 0.081121 seconds
Number of updated asset objects reloaded before import = 0
Number of asset objects unloaded after import = 4
========================================================================
Received Import Request.
  Time since last request: 0.000077 seconds.
  path: Assets/Materials-Textures/Materials/Foliage 3.mat
  artifactKey: Guid(079c9919c8874554ea495e3896ccb229) Importer(815301076,1909f56bfc062723c751e8b465ee728b)
Start importing Assets/Materials-Textures/Materials/Foliage 3.mat using Guid(079c9919c8874554ea495e3896ccb229) Importer(815301076,1909f56bfc062723c751e8b465ee728b)  -> (artifact id: '26a9ca0438903a4b468f4062b7585041') in 0.035613 seconds
Number of updated asset objects reloaded before import = 0
Number of asset objects unloaded after import = 4
========================================================================
Received Import Request.
  Time since last request: 0.000024 seconds.
  path: Assets/Materials-Textures/UI+Others/Fire/Fire_Add_01.mat
  artifactKey: Guid(4791bf36c2e577a4a9e789b580579636) Importer(815301076,1909f56bfc062723c751e8b465ee728b)
Start importing Assets/Materials-Textures/UI+Others/Fire/Fire_Add_01.mat using Guid(4791bf36c2e577a4a9e789b580579636) Importer(815301076,1909f56bfc062723c751e8b465ee728b)  -> (artifact id: '885b32746ccab30192754afd04809545') in 0.016688 seconds
Number of updated asset objects reloaded before import = 0
Number of asset objects unloaded after import = 3
========================================================================
Received Import Request.
  Time since last request: 0.000018 seconds.
  path: Assets/Materials-Textures/UI+Others/Fire/Fire_Add_02.mat
  artifactKey: Guid(0fdd751cd86106446afa0dc09e0eeb8e) Importer(815301076,1909f56bfc062723c751e8b465ee728b)
Start importing Assets/Materials-Textures/UI+Others/Fire/Fire_Add_02.mat using Guid(0fdd751cd86106446afa0dc09e0eeb8e) Importer(815301076,1909f56bfc062723c751e8b465ee728b)  -> (artifact id: 'c6e55acfccf9b97e43601570531d1c5f') in 0.017582 seconds
Number of updated asset objects reloaded before import = 0
Number of asset objects unloaded after import = 3
========================================================================
Received Import Request.
  Time since last request: 0.000021 seconds.
  path: Assets/Materials-Textures/Materials/Fabric_01_Blue.mat
  artifactKey: Guid(0e43f5a20c0c0184da573df09c6c1d40) Importer(815301076,1909f56bfc062723c751e8b465ee728b)
Start importing Assets/Materials-Textures/Materials/Fabric_01_Blue.mat using Guid(0e43f5a20c0c0184da573df09c6c1d40) Importer(815301076,1909f56bfc062723c751e8b465ee728b)  -> (artifact id: '18e75ecb1544ee850773d24ee1c236d2') in 0.020652 seconds
Number of updated asset objects reloaded before import = 0
Number of asset objects unloaded after import = 6
========================================================================
Received Import Request.
  Time since last request: 0.000019 seconds.
  path: Assets/Materials-Textures/Materials/Fountain-Material.001.mat
  artifactKey: Guid(5d1b19183471e944bb05e0fc0d1e69bf) Importer(815301076,1909f56bfc062723c751e8b465ee728b)
Start importing Assets/Materials-Textures/Materials/Fountain-Material.001.mat using Guid(5d1b19183471e944bb05e0fc0d1e69bf) Importer(815301076,1909f56bfc062723c751e8b465ee728b)  -> (artifact id: '7ef3f78e7ceea7c5407a3c73bad06fa6') in 0.029519 seconds
Number of updated asset objects reloaded before import = 0
Number of asset objects unloaded after import = 5
========================================================================
Received Import Request.
  Time since last request: 0.000017 seconds.
  path: Assets/Materials-Textures/Materials/Colors_apt_01.mat
  artifactKey: Guid(ef29f2ebae532ed4291b1e9ad9cc45a5) Importer(815301076,1909f56bfc062723c751e8b465ee728b)
Start importing Assets/Materials-Textures/Materials/Colors_apt_01.mat using Guid(ef29f2ebae532ed4291b1e9ad9cc45a5) Importer(815301076,1909f56bfc062723c751e8b465ee728b)  -> (artifact id: 'e9a1305777c9344b0158a30dad764447') in 0.018409 seconds
Number of updated asset objects reloaded before import = 0
Number of asset objects unloaded after import = 4
========================================================================
Received Import Request.
  Time since last request: 0.000016 seconds.
  path: Assets/Materials-Textures/Materials/DisfusedVase.mat
  artifactKey: Guid(076286717a5c2d64c91c17c7f0ce84fd) Importer(815301076,1909f56bfc062723c751e8b465ee728b)
Start importing Assets/Materials-Textures/Materials/DisfusedVase.mat using Guid(076286717a5c2d64c91c17c7f0ce84fd) Importer(815301076,1909f56bfc062723c751e8b465ee728b)  -> (artifact id: 'd516ad4ccbfff4ad438740e007618f1b') in 0.020101 seconds
Number of updated asset objects reloaded before import = 0
Number of asset objects unloaded after import = 4
========================================================================
Received Import Request.
  Time since last request: 0.000018 seconds.
  path: Assets/Materials-Textures/Materials/Ext_SS_01.mat
  artifactKey: Guid(82ab0cdd78fe56340a768888a061f55c) Importer(815301076,1909f56bfc062723c751e8b465ee728b)
Start importing Assets/Materials-Textures/Materials/Ext_SS_01.mat using Guid(82ab0cdd78fe56340a768888a061f55c) Importer(815301076,1909f56bfc062723c751e8b465ee728b)  -> (artifact id: '68768683f5b01e63d152b659c76f8c30') in 0.017768 seconds
Number of updated asset objects reloaded before import = 0
Number of asset objects unloaded after import = 3
========================================================================
Received Import Request.
  Time since last request: 0.000022 seconds.
  path: Assets/Materials-Textures/Materials/Chessboard.mat
  artifactKey: Guid(acb2ae4532d2c0c4a827a97b50b5c353) Importer(815301076,1909f56bfc062723c751e8b465ee728b)
Start importing Assets/Materials-Textures/Materials/Chessboard.mat using Guid(acb2ae4532d2c0c4a827a97b50b5c353) Importer(815301076,1909f56bfc062723c751e8b465ee728b)  -> (artifact id: 'c896834e9e82bae82e333e467e3b2977') in 0.037394 seconds
Number of updated asset objects reloaded before import = 0
Number of asset objects unloaded after import = 3
========================================================================
Received Import Request.
  Time since last request: 0.000024 seconds.
  path: Assets/Materials-Textures/Materials/DoorMat_01.mat
  artifactKey: Guid(cca629179fca3a14ab08d0f1cc0ecce3) Importer(815301076,1909f56bfc062723c751e8b465ee728b)
Start importing Assets/Materials-Textures/Materials/DoorMat_01.mat using Guid(cca629179fca3a14ab08d0f1cc0ecce3) Importer(815301076,1909f56bfc062723c751e8b465ee728b)  -> (artifact id: '91ef9fe436d69822265106ce5726f8d2') in 0.019680 seconds
Number of updated asset objects reloaded before import = 0
Number of asset objects unloaded after import = 4
========================================================================
Received Import Request.
  Time since last request: 0.000017 seconds.
  path: Assets/Materials-Textures/Materials/Canvas_Nat_08.mat
  artifactKey: Guid(100b25bc47f9d454882fe90599a30b8e) Importer(815301076,1909f56bfc062723c751e8b465ee728b)
Start importing Assets/Materials-Textures/Materials/Canvas_Nat_08.mat using Guid(100b25bc47f9d454882fe90599a30b8e) Importer(815301076,1909f56bfc062723c751e8b465ee728b)  -> (artifact id: '5dbe1b3cde9fc671b74c7212d5a875bd') in 0.020891 seconds
Number of updated asset objects reloaded before import = 0
Number of asset objects unloaded after import = 4
========================================================================
Received Import Request.
  Time since last request: 0.000018 seconds.
  path: Assets/Materials-Textures/Materials/Canvas_Nat_05.mat
  artifactKey: Guid(ee274bac83b432e489e9163a36560bab) Importer(815301076,1909f56bfc062723c751e8b465ee728b)
Start importing Assets/Materials-Textures/Materials/Canvas_Nat_05.mat using Guid(ee274bac83b432e489e9163a36560bab) Importer(815301076,1909f56bfc062723c751e8b465ee728b)  -> (artifact id: '9ef1de2af8a67bcdd9b19cd5b652ee78') in 0.021447 seconds
Number of updated asset objects reloaded before import = 0
Number of asset objects unloaded after import = 4
========================================================================
Received Import Request.
  Time since last request: 0.000018 seconds.
  path: Assets/Materials-Textures/Materials/CounterTop_01.mat
  artifactKey: Guid(656eb32607aaaed4590ee8c05d00282f) Importer(815301076,1909f56bfc062723c751e8b465ee728b)
Start importing Assets/Materials-Textures/Materials/CounterTop_01.mat using Guid(656eb32607aaaed4590ee8c05d00282f) Importer(815301076,1909f56bfc062723c751e8b465ee728b)  -> (artifact id: '52090cba8007f72f8aca6e9bc353e60d') in 0.039010 seconds
Number of updated asset objects reloaded before import = 0
Number of asset objects unloaded after import = 5
========================================================================
Received Import Request.
  Time since last request: 0.000041 seconds.
  path: Assets/Materials-Textures/Materials/Canvas_Nat_06-07.mat
  artifactKey: Guid(fad41da6b0b4a274ea1daeb98b3d6b9b) Importer(815301076,1909f56bfc062723c751e8b465ee728b)
Start importing Assets/Materials-Textures/Materials/Canvas_Nat_06-07.mat using Guid(fad41da6b0b4a274ea1daeb98b3d6b9b) Importer(815301076,1909f56bfc062723c751e8b465ee728b)  -> (artifact id: 'c77d1419a6d29fe96dca24f63d2851ba') in 0.019694 seconds
Number of updated asset objects reloaded before import = 0
Number of asset objects unloaded after import = 4
========================================================================
Received Import Request.
  Time since last request: 0.000018 seconds.
  path: Assets/Materials-Textures/Materials/Colors_apt_02.mat
  artifactKey: Guid(9ffdee5782f720247a027f75edcb9c08) Importer(815301076,1909f56bfc062723c751e8b465ee728b)
Start importing Assets/Materials-Textures/Materials/Colors_apt_02.mat using Guid(9ffdee5782f720247a027f75edcb9c08) Importer(815301076,1909f56bfc062723c751e8b465ee728b)  -> (artifact id: 'a9b2da2432e63aaddf2b25dcd134b7db') in 0.017227 seconds
Number of updated asset objects reloaded before import = 0
Number of asset objects unloaded after import = 4
========================================================================
Received Import Request.
  Time since last request: 8.870391 seconds.
  path: Assets/Materials-Textures/Materials/Brick mute 02.mat
  artifactKey: Guid(099e69089d2c47044b06273bff53533d) Importer(815301076,1909f56bfc062723c751e8b465ee728b)
Start importing Assets/Materials-Textures/Materials/Brick mute 02.mat using Guid(099e69089d2c47044b06273bff53533d) Importer(815301076,1909f56bfc062723c751e8b465ee728b)  -> (artifact id: '10f455a2ede2445fdfe1685360d8d266') in 0.027776 seconds
Number of updated asset objects reloaded before import = 0
Number of asset objects unloaded after import = 6
========================================================================
Received Import Request.
  Time since last request: 0.000016 seconds.
  path: Assets/Materials-Textures/Materials/Brushed Metal_Gold.mat
  artifactKey: Guid(84a1ffeca40e4c6439b0a1f93b4d287c) Importer(815301076,1909f56bfc062723c751e8b465ee728b)
Start importing Assets/Materials-Textures/Materials/Brushed Metal_Gold.mat using Guid(84a1ffeca40e4c6439b0a1f93b4d287c) Importer(815301076,1909f56bfc062723c751e8b465ee728b)  -> (artifact id: '8f3690879da9f2424d5bf791a022335c') in 0.023169 seconds
Number of updated asset objects reloaded before import = 0
Number of asset objects unloaded after import = 3
========================================================================
Received Import Request.
  Time since last request: 0.000019 seconds.
  path: Assets/Materials-Textures/Materials/Brushed Metal_Chrome.mat
  artifactKey: Guid(4580dd49916b3c542b97109c8ca425f3) Importer(815301076,1909f56bfc062723c751e8b465ee728b)
Start importing Assets/Materials-Textures/Materials/Brushed Metal_Chrome.mat using Guid(4580dd49916b3c542b97109c8ca425f3) Importer(815301076,1909f56bfc062723c751e8b465ee728b)  -> (artifact id: '492a428d271fd3546db9b00ddd40f702') in 0.015879 seconds
Number of updated asset objects reloaded before import = 0
Number of asset objects unloaded after import = 4
========================================================================
Received Prepare
Switching render pipeline e1260c1148f6143b28bae5ace5e9c5d1 -> d0e2fc18fe036412f8223b3b3d9ad574
Refreshing native plugins compatible for Editor in 5.22 ms, found 2 plugins.
Preloading 0 native plugins for Editor in 0.00 ms.
Unloading 31 Unused Serialized files (Serialized files now loaded: 0)
Unloading 29 unused Assets / (2.9 MB). Loaded Objects now: 6503.
Memory consumption went from 156.3 MB to 153.4 MB.
Total: 7.798000 ms (FindLiveObjects: 0.520800 ms CreateObjectMapping: 0.591200 ms MarkObjects: 6.086800 ms  DeleteObjects: 0.597900 ms)

Prepare: number of updated asset objects reloaded= 0
AssetImportParameters requested are different than current active one (requested -> active):
  custom:container-demuxer-ogg: 62fdf1f143b41e24485cea50d1cbac27 -> 
  custom:scripting/monoscript/fileName/EditorVersionCompatibilityUtility.cs: d92725588009cde5094ce1268d79e509 -> 
  custom:scripting/monoscript/fileName/AssetResourcesFile.cs: e95a0a95324fb9fd9e1a5d398d8f43b3 -> 
  custom:srp/default-pipeline: 0d2ecf81ef3046218f22b3b3d3a95d47 -> 1e62c011846f41b382ab5eca5e9e5c1d
  custom:video-decoder-ogg-theora: a1e56fd34408186e4bbccfd4996cb3dc -> 
  custom:framework-win-MediaFoundation: 216162199b28c13a410421893ffa2e32 -> 
  custom:CustomObjectIndexerAttribute: d54d2f2da18e7612c182cf67624b6b12 -> 
  custom:container-demuxer-webm: 4f35f7cbe854078d1ac9338744f61a02 -> 
  custom:scripting/monoscript/fileName/VersionCompatibilityUtility.cs: af0467e99c21be887b10c888e16b5fe3 -> 
  custom:container-muxer-webm: aa71ff27fc2769a1b78a27578f13a17b -> 
  custom:video-decoder-webm-vp8: 9c59270c3fd7afecdb556c50c9e8de78 -> 
  custom:scripting/monoscript/fileName/AnimationCurveUtilityRecent.cs: 0bb6a3471d898ec81f14295d71f5813e -> 
  custom:SearchIndexIgnoredProperties: e643bd26f0fe6173181afceb89e7c659 -> 
  custom:AudioImporter_EditorPlatform: d09bf68614088b80899f8185d706f6e7 -> 
  custom:scripting/monoscript/fileName/ResetPosition.cs: d7d0344f7593f68c6f9b957fbae76887 -> 
  custom:video-encoder-webm-vp8: eb34c28f22e8b96e1ab97ce403110664 -> 
  custom:scripting/monoscript/fileName/GUICompatibilityUtility.cs: 583a1452c9ba1a513b2f20cf3fafff42 -> 
  custom:audio-decoder-ogg-vorbis: bf7c407c2cedff20999df2af8eb42d56 -> 
  custom:audio-encoder-webm-vorbis: bf7c407c2cedff20999df2af8eb42d56 -> 
========================================================================
Received Import Request.
  Time since last request: 915.745752 seconds.
  path: Assets/Prefabs/Fitness/Bench_press_dn.prefab
  artifactKey: Guid(ab87ad545c1049447b295db3bc09c51e) Importer(815301076,1909f56bfc062723c751e8b465ee728b)
Start importing Assets/Prefabs/Fitness/Bench_press_dn.prefab using Guid(ab87ad545c1049447b295db3bc09c51e) Importer(815301076,1909f56bfc062723c751e8b465ee728b)  -> (artifact id: '68aa07510612d7b6a2ba5c14421959e3') in 0.036066 seconds
Number of updated asset objects reloaded before import = 0
Number of asset objects unloaded after import = 19
========================================================================
Received Import Request.
  Time since last request: 0.000027 seconds.
  path: Assets/Prefabs/Fitness/Bench_press_up.prefab
  artifactKey: Guid(b4872c4a853b9974ea801a4f1c4d5996) Importer(815301076,1909f56bfc062723c751e8b465ee728b)
Start importing Assets/Prefabs/Fitness/Bench_press_up.prefab using Guid(b4872c4a853b9974ea801a4f1c4d5996) Importer(815301076,1909f56bfc062723c751e8b465ee728b)  -> (artifact id: 'c44cca4b3c079eac3c742d30899f52cc') in 0.017826 seconds
Number of updated asset objects reloaded before import = 0
Number of asset objects unloaded after import = 19
========================================================================
Received Import Request.
  Time since last request: 0.000018 seconds.
  path: Assets/Prefabs/Fitness/Shoulder.prefab
  artifactKey: Guid(6c6261dc73fa1994e8a9ced1af04d7d9) Importer(815301076,1909f56bfc062723c751e8b465ee728b)
Start importing Assets/Prefabs/Fitness/Shoulder.prefab using Guid(6c6261dc73fa1994e8a9ced1af04d7d9) Importer(815301076,1909f56bfc062723c751e8b465ee728b)  -> (artifact id: 'd15e2f86890ae9cd20f71c8e34796954') in 0.020293 seconds
Number of updated asset objects reloaded before import = 0
Number of asset objects unloaded after import = 19
========================================================================
Received Import Request.
  Time since last request: 0.000018 seconds.
  path: Assets/Prefabs/Fitness/Butterfly.prefab
  artifactKey: Guid(dcfbf42fd0127834e9c0c5ce57f58316) Importer(815301076,1909f56bfc062723c751e8b465ee728b)
Start importing Assets/Prefabs/Fitness/Butterfly.prefab using Guid(dcfbf42fd0127834e9c0c5ce57f58316) Importer(815301076,1909f56bfc062723c751e8b465ee728b)  -> (artifact id: '2ea317ee2b7488b665442ca4ff2d696c') in 0.019802 seconds
Number of updated asset objects reloaded before import = 0
Number of asset objects unloaded after import = 19
========================================================================
Received Import Request.
  Time since last request: 0.000019 seconds.
  path: Assets/Prefabs/Fitness/Dumbbell_stand.prefab
  artifactKey: Guid(403106ab634445c4c913790346f41e0f) Importer(815301076,1909f56bfc062723c751e8b465ee728b)
Start importing Assets/Prefabs/Fitness/Dumbbell_stand.prefab using Guid(403106ab634445c4c913790346f41e0f) Importer(815301076,1909f56bfc062723c751e8b465ee728b)  -> (artifact id: '55357d66143cbedd16e7974efb832d3f') in 0.017773 seconds
Number of updated asset objects reloaded before import = 0
Number of asset objects unloaded after import = 20
========================================================================
Received Import Request.
  Time since last request: 0.000027 seconds.
  path: Assets/Prefabs/Fitness/Feetpress.prefab
  artifactKey: Guid(dc0f5e71ceeec254b8ab35eb97842415) Importer(815301076,1909f56bfc062723c751e8b465ee728b)
Start importing Assets/Prefabs/Fitness/Feetpress.prefab using Guid(dc0f5e71ceeec254b8ab35eb97842415) Importer(815301076,1909f56bfc062723c751e8b465ee728b)  -> (artifact id: 'ad16d5e49c27d4dbe2caefe72ea2a0c5') in 0.018278 seconds
Number of updated asset objects reloaded before import = 0
Number of asset objects unloaded after import = 20
========================================================================
Received Import Request.
  Time since last request: 0.000020 seconds.
  path: Assets/Prefabs/Fitness/Parallel.prefab
  artifactKey: Guid(2b8760d32424c234abf934efb95ec3a8) Importer(815301076,1909f56bfc062723c751e8b465ee728b)
Start importing Assets/Prefabs/Fitness/Parallel.prefab using Guid(2b8760d32424c234abf934efb95ec3a8) Importer(815301076,1909f56bfc062723c751e8b465ee728b)  -> (artifact id: '2845a34f69b14c7f7977d2f9334faf33') in 0.021652 seconds
Number of updated asset objects reloaded before import = 0
Number of asset objects unloaded after import = 19
========================================================================
Received Import Request.
  Time since last request: 0.000025 seconds.
  path: Assets/Prefabs/Fitness/Arc Bench.prefab
  artifactKey: Guid(8dca3e2983512f5469372132415d9fef) Importer(815301076,1909f56bfc062723c751e8b465ee728b)
Start importing Assets/Prefabs/Fitness/Arc Bench.prefab using Guid(8dca3e2983512f5469372132415d9fef) Importer(815301076,1909f56bfc062723c751e8b465ee728b)  -> (artifact id: '31c109c8815bf998854ef5b73e9d21cd') in 0.021108 seconds
Number of updated asset objects reloaded before import = 0
Number of asset objects unloaded after import = 19
